build/app/outputs/mapping/release/seeds.txt
androidx.work.impl.background.systemalarm.ConstraintProxy$StorageNotLowProxy
com.pichillilorenzo.flutter_inappwebview.types.ContentWorld: java.lang.String getName()
com.pichillilorenzo.flutter_inappwebview.content_blocker.ContentBlockerAction: void setSelector(java.lang.String)
com.pichillilorenzo.flutter_inappwebview.in_app_webview.InAppWebViewClient: java.util.List access$102(java.util.List)
com.baseflow.googleapiavailability.R$drawable: int notification_bg_low_pressed
com.google.android.gms.internal.ads.zzbw$zza: java.lang.String zzdw
com.google.android.gms.internal.ads.zzepa$zzb$zzf: com.google.android.gms.internal.ads.zzemx zzek
com.google.android.material.chip.Chip: void setLines(int)
com.pichillilorenzo.flutter_inappwebview.content_blocker.ContentBlockerTrigger: java.util.List getUnlessDomain()
com.pichillilorenzo.flutter_inappwebview.R$drawable: int abc_list_selector_holo_light
com.google.android.gms.internal.ads.zzdua
com.google.android.gms.internal.ads.zzug$zzq: com.google.android.gms.internal.ads.zzug$zzq zzcfe
androidx.appcompat.widget.AppCompatEditText: void setTextClassifier(android.view.textclassifier.TextClassifier)
com.baseflow.geolocator.R$dimen: int notification_small_icon_background_padding
com.google.android.gms.internal.ads.zzbav: int getVideoWidth()
com.pichillilorenzo.flutter_inappwebview.content_blocker.ContentBlockerHandler$1: ContentBlockerHandler$1(com.pichillilorenzo.flutter_inappwebview.content_blocker.ContentBlockerHandler,java.lang.String[],com.pichillilorenzo.flutter_inappwebview.in_app_webview.InAppWebView,java.util.concurrent.CountDownLatch)
com.baseflow.location_permissions.R$id: int accessibility_custom_action_13
com.pichillilorenzo.flutter_inappwebview.R$style: int Base_Widget_AppCompat_ListMenuView
androidx.swiperefreshlayout.widget.SwipeRefreshLayout: void setProgressBackgroundColor(int)
com.pichillilorenzo.flutter_inappwebview.R$styleable: int[] SwipeRefreshLayout
com.google.android.gms.internal.ads.zzefr: com.google.android.gms.internal.ads.zzefr zzify
com.pichillilorenzo.flutter_inappwebview.in_app_browser.InAppBrowserManager: java.util.Map shared
com.google.firebase.installations.FirebaseInstallationsException$Status: com.google.firebase.installations.FirebaseInstallationsException$Status valueOf(java.lang.String)
com.pichillilorenzo.flutter_inappwebview.R$styleable: int ActionBar_displayOptions
com.pichillilorenzo.flutter_inappwebview.in_app_webview.InAppWebView$4$1: void onReceiveValue(java.lang.Object)
com.google.android.gms.internal.vision.zzfi$zzf: com.google.android.gms.internal.vision.zzjl zzf
com.google.android.material.appbar.AppBarLayout$ScrollingViewBehavior
com.google.android.material.internal.NavigationMenuItemView: void setActionView(android.view.View)
com.google.android.material.internal.NavigationMenuItemView: void setTextColor(android.content.res.ColorStateList)
com.google.android.gms.internal.ads.zzegy: com.google.android.gms.internal.ads.zzell zziir
com.baseflow.googleapiavailability.R$color: int common_google_signin_btn_text_light_focused
com.baseflow.geolocator.tasks.LocationUpdatesUsingLocationServicesTask$2: com.baseflow.geolocator.tasks.LocationUpdatesUsingLocationServicesTask this$0
com.pichillilorenzo.flutter_inappwebview.R$style: int Base_Widget_AppCompat_ProgressBar
com.pichillilorenzo.flutter_inappwebview.R$string: int abc_menu_space_shortcut_label
com.google.android.gms.internal.ads.zzug$zze: int zzcax
androidx.appcompat.widget.AppCompatCheckBox: android.graphics.PorterDuff$Mode getSupportButtonTintMode()
com.google.android.gms.internal.vision.zzfi$zzk: com.google.android.gms.internal.vision.zzkx zzk
androidx.swiperefreshlayout.widget.SwipeRefreshLayout: androidx.core.view.NestedScrollingChildHelper mNestedScrollingChildHelper
com.pichillilorenzo.flutter_inappwebview.types.NavigationAction: void setRedirect(boolean)
com.baseflow.googleapiavailability.MethodCallHandlerImpl: int GOOGLE_PLAY_SERVICES_AVAILABILITY_SERVICE_DISABLED