build/app/outputs/mapping/release/mapping.txt
# compiler: R8
# compiler_version: 2.1.75
# min_api: 19
# pg_map_id: 83c27f8
# common_typos_disable
...
com.google.android.gms.internal.ads.zzeeo$zza -> com.google.android.gms.internal.ads.i12$a:
com.google.android.gms.internal.ads.zzeep -> com.google.android.gms.internal.ads.j12:
    int[] zzel -> a
com.google.android.gms.internal.ads.zzeeq -> com.google.android.gms.internal.ads.k12:
    int[] zzel -> a
com.google.android.gms.internal.ads.zzeer -> com.google.android.gms.internal.ads.l12:
    int zzbbz() -> H
    com.google.android.gms.internal.ads.zzeer zzbcg() -> I
    com.google.android.gms.internal.ads.zzeer zzbch() -> J
    java.lang.Object zza(int,java.lang.Object,java.lang.Object) -> u
com.google.android.gms.internal.ads.zzeer$zza -> com.google.android.gms.internal.ads.l12$a:
com.google.android.gms.internal.ads.zzees -> com.google.android.gms.internal.ads.m12:
    int getVersion() -> H
    void setVersion(int) -> I
    void zza(com.google.android.gms.internal.ads.zzees,int) -> J
    void zza(com.google.android.gms.internal.ads.zzees,com.google.android.gms.internal.ads.zzejr) -> K
    com.google.android.gms.internal.ads.zzejr zzbbe() -> L
    com.google.android.gms.internal.ads.zzees$zza zzbci() -> M
    com.google.android.gms.internal.ads.zzees zzbcj() -> N
    com.google.android.gms.internal.ads.zzees zzk(com.google.android.gms.internal.ads.zzejr,com.google.android.gms.internal.ads.zzeko) -> O
    void zzs(com.google.android.gms.internal.ads.zzejr) -> P
    java.lang.Object zza(int,java.lang.Object,java.lang.Object) -> u
com.google.android.gms.internal.ads.zzees$zza -> com.google.android.gms.internal.ads.m12$a:
    com.google.android.gms.internal.ads.zzees$zza zzfa(int) -> t
    com.google.android.gms.internal.ads.zzees$zza zzw(com.google.android.gms.internal.ads.zzejr) -> u
com.google.android.gms.internal.ads.zzeet -> com.google.android.gms.internal.ads.n12:
    int[] zzel -> a
com.google.android.gms.internal.ads.zzeeu -> com.google.android.gms.internal.ads.o12:
    int[] zzel -> a
com.google.android.gms.internal.ads.zzeev -> com.google.android.gms.internal.ads.p12:
    int getKeySize() -> H
    com.google.android.gms.internal.ads.zzeev zzbck() -> I
    com.google.android.gms.internal.ads.zzeev zzl(com.google.android.gms.internal.ads.zzejr,com.google.android.gms.internal.ads.zzeko) -> J
    java.lang.Object zza(int,java.lang.Object,java.lang.Object) -> u
com.google.android.gms.internal.ads.zzeev$zza -> com.google.android.gms.internal.ads.p12$a:
com.google.android.gms.internal.ads.zzeew -> com.google.android.gms.internal.ads.q12:
    int getVersion() -> H
    void setVersion(int) -> I
    void zza(com.google.android.gms.internal.ads.zzeew,int) -> J
    void zza(com.google.android.gms.internal.ads.zzeew,com.google.android.gms.internal.ads.zzejr) -> K
    com.google.android.gms.internal.ads.zzejr zzbbe() -> L
    com.google.android.gms.internal.ads.zzeew$zza zzbcl() -> M
    com.google.android.gms.internal.ads.zzeew zzbcm() -> N
    com.google.android.gms.internal.ads.zzeew zzm(com.google.android.gms.internal.ads.zzejr,com.google.android.gms.internal.ads.zzeko) -> O
    void zzs(com.google.android.gms.internal.ads.zzejr) -> P
    java.lang.Object zza(int,java.lang.Object,java.lang.Object) -> u
com.google.android.gms.internal.ads.zzeew$zza -> com.google.android.gms.internal.ads.q12$a:
    com.google.android.gms.internal.ads.zzeew$zza zzfb(int) -> t
    com.google.android.gms.internal.ads.zzeew$zza zzx(com.google.android.gms.internal.ads.zzejr) -> u
com.google.android.gms.internal.ads.zzeex -> com.google.android.gms.internal.ads.r12:
    int[] zzel -> a
com.google.android.gms.internal.ads.zzeey -> com.google.android.gms.internal.ads.s12:
    int[] zzel -> a