build/app/outputs/mapping/release/usage.txt
androidx.constraintlayout.motion.widget.Key
com.google.common.collect.Sets$4$1
android.support.v4.media.MediaBrowserCompatApi21
androidx.work.impl.utils.package-info
androidx.constraintlayout.motion.widget.KeyCycleOscillator$IntDoubleSort
com.google.android.gms.ads.formats.zza
kotlin.comparisons.ComparisonsKt__ComparisonsKt$thenByDescending$1
android.support.v4.os.IResultReceiver$Stub:
    public static boolean setDefaultImpl(android.support.v4.os.IResultReceiver)
    public static android.support.v4.os.IResultReceiver getDefaultImpl()
    private static final java.lang.String DESCRIPTOR
    static final int TRANSACTION_send
com.google.common.collect.ImmutableMultimap$Builder
com.onesignal.PushRegistratorHMS:
    static void fireCallback(java.lang.String)
    static final java.lang.String HMS_CLIENT_APP_ID
    private static final int NEW_TOKEN_TIMEOUT_MS
android.support.v4.media.session.IMediaControllerCallback$Stub$Proxy
io.flutter.embedding.engine.dart.DartMessenger:
    public io.flutter.plugin.common.BinaryMessenger$TaskQueue makeBackgroundTaskQueue()
    public int getPendingChannelResponseCount()
    private static final java.lang.String TAG
com.google.android.gms.internal.clearcut.zzge$zzi$zza
com.google.android.gms.ads.RequestConfiguration$TagForUnderAgeOfConsent
com.google.android.gms.location.ActivityRecognitionApi
androidx.loader.R$string
androidx.concurrent.futures.DirectExecutor
com.google.android.material.datepicker.CompositeDateValidator$Operator
com.google.android.material.ripple.RippleUtils:
    public static android.content.res.ColorStateList convertToRippleDrawableColor(android.content.res.ColorStateList)
    private static int getColorForState(android.content.res.ColorStateList,int[])
    private static int doubleAlpha(int)
    static final java.lang.String TRANSPARENT_DEFAULT_COLOR_WARNING
kotlin.contracts.ReturnsNotNull
com.google.common.collect.StandardTable$ColumnMap$ColumnMapValues
androidx.appcompat.widget.LinearLayoutCompat$LayoutParams:
    public void <init>(int,int,float)
    public void <init>(android.view.ViewGroup$MarginLayoutParams)
    public void <init>(androidx.appcompat.widget.LinearLayoutCompat$LayoutParams)
com.google.android.material.datepicker.MaterialStyledDatePickerDialog
com.google.android.gms.common.api.internal.BaseImplementation
kotlin.jvm.internal.Ref$ByteRef
androidx.vectordrawable.R$attr
androidx.constraintlayout.motion.widget.SplineSet$PathRotate
androidx.dynamicanimation.R$drawable
androidx.core.graphics.ColorUtils:
    private void <init>()
    public static android.graphics.Color compositeColors(android.graphics.Color,android.graphics.Color)
    public static double calculateLuminance(int)
    public static double calculateContrast(int,int)
    public static int calculateMinimumAlpha(int,int,float)
    public static void RGBToHSL(int,int,int,float[])
    public static void colorToHSL(int,float[])
    public static int HSLToColor(float[])
    public static void colorToLAB(int,double[])
    public static void RGBToLAB(int,int,int,double[])
    public static void colorToXYZ(int,double[])
    public static void RGBToXYZ(int,int,int,double[])
    public static void XYZToLAB(double,double,double,double[])
    public static void LABToXYZ(double,double,double,double[])
    public static int XYZToColor(double,double,double)
    public static int LABToColor(double,double,double)
    public static double distanceEuclidean(double[],double[])
    private static float constrain(float,float,float)
    private static int constrain(int,int,int)
    private static double pivotXyzComponent(double)
    public static int blendARGB(int,int,float)
    public static void blendHSL(float[],float[],float,float[])
    public static void blendLAB(double[],double[],double,double[])
    static float circularInterpolate(float,float,float)
    private static double[] getTempDouble3Array()
    private static final double XYZ_WHITE_REFERENCE_X